<?xml version="1.0" encoding="UTF-8"?>
<testsuites>
  <testsuite name="CLI Arguments" tests="7" assertions="28" errors="0" failures="0" skipped="0" time="4.633562">
    <testsuite name="KidsSmart\Tests\Unit\ProgramTest" file="/home/nobody3/Documents/NIT3004/NITCapstone/website/alt_php_templates/tests/Unit/ProgramTest.php" tests="3" assertions="11" errors="0" failures="0" skipped="0" time="2.002203">
      <testcase name="testGetFeaturedPrograms" file="/home/nobody3/Documents/NIT3004/NITCapstone/website/alt_php_templates/tests/Unit/ProgramTest.php" line="34" class="KidsSmart\Tests\Unit\ProgramTest" classname="KidsSmart.Tests.Unit.ProgramTest" assertions="3" time="0.845452"/>
      <testcase name="testSearchPrograms" file="/home/nobody3/Documents/NIT3004/NITCapstone/website/alt_php_templates/tests/Unit/ProgramTest.php" line="52" class="KidsSmart\Tests\Unit\ProgramTest" classname="KidsSmart.Tests.Unit.ProgramTest" assertions="4" time="0.584261"/>
      <testcase name="testGetProgramById" file="/home/nobody3/Documents/NIT3004/NITCapstone/website/alt_php_templates/tests/Unit/ProgramTest.php" line="87" class="KidsSmart\Tests\Unit\ProgramTest" classname="KidsSmart.Tests.Unit.ProgramTest" assertions="4" time="0.572491"/>
    </testsuite>
    <testsuite name="KidsSmart\Tests\Unit\UserTest" file="/home/nobody3/Documents/NIT3004/NITCapstone/website/alt_php_templates/tests/Unit/UserTest.php" tests="4" assertions="17" errors="0" failures="0" skipped="0" time="2.631359">
      <testcase name="testUserRegistration" file="/home/nobody3/Documents/NIT3004/NITCapstone/website/alt_php_templates/tests/Unit/UserTest.php" line="38" class="KidsSmart\Tests\Unit\UserTest" classname="KidsSmart.Tests.Unit.UserTest" assertions="4" time="0.621970"/>
      <testcase name="testUserLogin" file="/home/nobody3/Documents/NIT3004/NITCapstone/website/alt_php_templates/tests/Unit/UserTest.php" line="65" class="KidsSmart\Tests\Unit\UserTest" classname="KidsSmart.Tests.Unit.UserTest" assertions="3" time="0.688196"/>
      <testcase name="testSessionManagement" file="/home/nobody3/Documents/NIT3004/NITCapstone/website/alt_php_templates/tests/Unit/UserTest.php" line="97" class="KidsSmart\Tests\Unit\UserTest" classname="KidsSmart.Tests.Unit.UserTest" assertions="6" time="0.627920"/>
      <testcase name="testPasswordSecurity" file="/home/nobody3/Documents/NIT3004/NITCapstone/website/alt_php_templates/tests/Unit/UserTest.php" line="120" class="KidsSmart\Tests\Unit\UserTest" classname="KidsSmart.Tests.Unit.UserTest" assertions="4" time="0.693273"/>
    </testsuite>
  </testsuite>
</testsuites>
